  Source.cpp
C:\Users\jorge\source\repos\MAR\MAR6\PriorityQueue.h(55,1): warning C4267: 'argumento': conversión de 'size_t' a 'int'; posible pérdida de datos
C:\Users\jorge\source\repos\MAR\MAR6\PriorityQueue.h(53): message : al compilar la función del miembro clase plantilla "void PriorityQueue<registro,std::less<T>>::push(const T &)"
          with
          [
              T=registro
          ]
C:\Users\jorge\source\repos\MAR\MAR6\Source.cpp(29): message : Vea la referencia a la creación de una instancia de la función plantilla "void PriorityQueue<registro,std::less<T>>::push(const T &)" que se está compilando
          with
          [
              T=registro
          ]
C:\Users\jorge\source\repos\MAR\MAR6\Source.cpp(24): message : Vea la referencia a la creación de una instancia de clase plantilla "PriorityQueue<registro,std::less<T>>" que se está compilando
          with
          [
              T=registro
          ]
C:\Users\jorge\source\repos\MAR\MAR6\PriorityQueue.h(59,1): warning C4267: 'return': conversión de 'size_t' a 'int'; posible pérdida de datos
C:\Users\jorge\source\repos\MAR\MAR6\PriorityQueue.h(59): message : al compilar la función del miembro clase plantilla "int PriorityQueue<registro,std::less<T>>::size(void) const"
          with
          [
              T=registro
          ]
C:\Users\jorge\source\repos\MAR\MAR6\PriorityQueue.h(117): message : Vea la referencia a la creación de una instancia de la función plantilla "int PriorityQueue<registro,std::less<T>>::size(void) const" que se está compilando
          with
          [
              T=registro
          ]
  MAR6.vcxproj -> C:\Users\jorge\source\repos\MAR\MAR6\x64\Debug\MAR6.exe
