  Source.cpp
C:\Users\jorge\source\repos\ED\ED36\bintree_eda.h(228,13): error C2665: 'std::queue<std::pair<int,std::shared_ptr<bintree<char>::TreeNode>>,std::deque<std::pair<int,std::shared_ptr<bintree<char>::TreeNode>>,std::allocator<std::pair<int,std::shared_ptr<bintree<char>::TreeNode>>>>>::push': ninguna de las 2 sobrecargas pudo convertir todos los tipos de argumento
C:\Program Files\Microsoft Visual Studio\2022\Community\VC\Tools\MSVC\14.33.31629\include\queue(103,10): message : puede ser 'void std::queue<std::pair<int,std::shared_ptr<bintree<char>::TreeNode>>,std::deque<std::pair<int,std::shared_ptr<bintree<char>::TreeNode>>,std::allocator<std::pair<int,std::shared_ptr<bintree<char>::TreeNode>>>>>::push(std::pair<int,std::shared_ptr<bintree<char>::TreeNode>> &&)'
C:\Program Files\Microsoft Visual Studio\2022\Community\VC\Tools\MSVC\14.33.31629\include\queue(99,10): message : o       'void std::queue<std::pair<int,std::shared_ptr<bintree<char>::TreeNode>>,std::deque<std::pair<int,std::shared_ptr<bintree<char>::TreeNode>>,std::allocator<std::pair<int,std::shared_ptr<bintree<char>::TreeNode>>>>>::push(const std::pair<int,std::shared_ptr<bintree<char>::TreeNode>> &)'
C:\Users\jorge\source\repos\ED\ED36\bintree_eda.h(228,13): message : 'void std::queue<std::pair<int,std::shared_ptr<bintree<char>::TreeNode>>,std::deque<std::pair<int,std::shared_ptr<bintree<char>::TreeNode>>,std::allocator<std::pair<int,std::shared_ptr<bintree<char>::TreeNode>>>>>::push(const std::pair<int,std::shared_ptr<bintree<char>::TreeNode>> &)': el argumento 1 no puede convertirse de 'initializer list' a 'const std::pair<int,std::shared_ptr<bintree<char>::TreeNode>> &'
C:\Users\jorge\source\repos\ED\ED36\bintree_eda.h(228,30): message : Razón: no se puede realizar la conversión de 'initializer list' a 'const std::pair<int,std::shared_ptr<bintree<char>::TreeNode>>'
C:\Users\jorge\source\repos\ED\ED36\bintree_eda.h(228,30): message : Ningún constructor ha podido aceptar el tipo de origen o bien la resolución de sobrecarga del constructor era ambigua
C:\Program Files\Microsoft Visual Studio\2022\Community\VC\Tools\MSVC\14.33.31629\include\queue(99,10): message : vea la declaración de 'std::queue<std::pair<int,std::shared_ptr<bintree<char>::TreeNode>>,std::deque<std::pair<int,std::shared_ptr<bintree<char>::TreeNode>>,std::allocator<std::pair<int,std::shared_ptr<bintree<char>::TreeNode>>>>>::push'
C:\Users\jorge\source\repos\ED\ED36\bintree_eda.h(228,30): message : al hacer coincidir la lista de argumentos '(initializer list)'
C:\Users\jorge\source\repos\ED\ED36\bintree_eda.h(224): message : al compilar la función del miembro clase plantilla "std::pair<int,int> bintree<char>::resolver(T)"
          with
          [
              T=char
          ]
C:\Users\jorge\source\repos\ED\ED36\Source.cpp(28): message : Vea la referencia a la creación de una instancia de la función plantilla "std::pair<int,int> bintree<char>::resolver(T)" que se está compilando
          with
          [
              T=char
          ]
C:\Users\jorge\source\repos\ED\ED36\Source.cpp(27): message : Vea la referencia a la creación de una instancia de clase plantilla "bintree<char>" que se está compilando
C:\Users\jorge\source\repos\ED\ED36\bintree_eda.h(237,19): error C2039: "root": no es un miembro de "std::shared_ptr<bintree<char>::TreeNode>"
C:\Users\jorge\source\repos\ED\ED36\bintree_eda.h(35): message : vea la declaración de 'std::shared_ptr<bintree<char>::TreeNode>'
C:\Users\jorge\source\repos\ED\ED36\bintree_eda.h(241,24): error C2039: "left": no es un miembro de "std::shared_ptr<bintree<char>::TreeNode>"
C:\Users\jorge\source\repos\ED\ED36\bintree_eda.h(35): message : vea la declaración de 'std::shared_ptr<bintree<char>::TreeNode>'
C:\Users\jorge\source\repos\ED\ED36\bintree_eda.h(242,51): error C2039: "left": no es un miembro de "std::shared_ptr<bintree<char>::TreeNode>"
C:\Users\jorge\source\repos\ED\ED36\bintree_eda.h(35): message : vea la declaración de 'std::shared_ptr<bintree<char>::TreeNode>'
C:\Users\jorge\source\repos\ED\ED36\bintree_eda.h(242,25): error C2665: 'std::queue<std::pair<int,std::shared_ptr<bintree<char>::TreeNode>>,std::deque<std::pair<int,std::shared_ptr<bintree<char>::TreeNode>>,std::allocator<std::pair<int,std::shared_ptr<bintree<char>::TreeNode>>>>>::push': ninguna de las 2 sobrecargas pudo convertir todos los tipos de argumento
C:\Program Files\Microsoft Visual Studio\2022\Community\VC\Tools\MSVC\14.33.31629\include\queue(103,10): message : puede ser 'void std::queue<std::pair<int,std::shared_ptr<bintree<char>::TreeNode>>,std::deque<std::pair<int,std::shared_ptr<bintree<char>::TreeNode>>,std::allocator<std::pair<int,std::shared_ptr<bintree<char>::TreeNode>>>>>::push(std::pair<int,std::shared_ptr<bintree<char>::TreeNode>> &&)'
C:\Program Files\Microsoft Visual Studio\2022\Community\VC\Tools\MSVC\14.33.31629\include\queue(99,10): message : o       'void std::queue<std::pair<int,std::shared_ptr<bintree<char>::TreeNode>>,std::deque<std::pair<int,std::shared_ptr<bintree<char>::TreeNode>>,std::allocator<std::pair<int,std::shared_ptr<bintree<char>::TreeNode>>>>>::push(const std::pair<int,std::shared_ptr<bintree<char>::TreeNode>> &)'
C:\Users\jorge\source\repos\ED\ED36\bintree_eda.h(242,25): message : 'void std::queue<std::pair<int,std::shared_ptr<bintree<char>::TreeNode>>,std::deque<std::pair<int,std::shared_ptr<bintree<char>::TreeNode>>,std::allocator<std::pair<int,std::shared_ptr<bintree<char>::TreeNode>>>>>::push(const std::pair<int,std::shared_ptr<bintree<char>::TreeNode>> &)': el argumento 1 no puede convertirse de 'initializer list' a 'const std::pair<int,std::shared_ptr<bintree<char>::TreeNode>> &'
C:\Users\jorge\source\repos\ED\ED36\bintree_eda.h(242,59): message : Razón: no se puede realizar la conversión de 'initializer list' a 'const std::pair<int,std::shared_ptr<bintree<char>::TreeNode>>'
C:\Users\jorge\source\repos\ED\ED36\bintree_eda.h(242,59): message : Ningún constructor ha podido aceptar el tipo de origen o bien la resolución de sobrecarga del constructor era ambigua
C:\Program Files\Microsoft Visual Studio\2022\Community\VC\Tools\MSVC\14.33.31629\include\queue(99,10): message : vea la declaración de 'std::queue<std::pair<int,std::shared_ptr<bintree<char>::TreeNode>>,std::deque<std::pair<int,std::shared_ptr<bintree<char>::TreeNode>>,std::allocator<std::pair<int,std::shared_ptr<bintree<char>::TreeNode>>>>>::push'
C:\Users\jorge\source\repos\ED\ED36\bintree_eda.h(242,59): message : al hacer coincidir la lista de argumentos '(initializer list)'
C:\Users\jorge\source\repos\ED\ED36\bintree_eda.h(244,24): error C2039: "right": no es un miembro de "std::shared_ptr<bintree<char>::TreeNode>"
C:\Users\jorge\source\repos\ED\ED36\bintree_eda.h(35): message : vea la declaración de 'std::shared_ptr<bintree<char>::TreeNode>'
C:\Users\jorge\source\repos\ED\ED36\bintree_eda.h(245,51): error C2039: "right": no es un miembro de "std::shared_ptr<bintree<char>::TreeNode>"
C:\Users\jorge\source\repos\ED\ED36\bintree_eda.h(35): message : vea la declaración de 'std::shared_ptr<bintree<char>::TreeNode>'
C:\Users\jorge\source\repos\ED\ED36\bintree_eda.h(245,25): error C2665: 'std::queue<std::pair<int,std::shared_ptr<bintree<char>::TreeNode>>,std::deque<std::pair<int,std::shared_ptr<bintree<char>::TreeNode>>,std::allocator<std::pair<int,std::shared_ptr<bintree<char>::TreeNode>>>>>::push': ninguna de las 2 sobrecargas pudo convertir todos los tipos de argumento
C:\Program Files\Microsoft Visual Studio\2022\Community\VC\Tools\MSVC\14.33.31629\include\queue(103,10): message : puede ser 'void std::queue<std::pair<int,std::shared_ptr<bintree<char>::TreeNode>>,std::deque<std::pair<int,std::shared_ptr<bintree<char>::TreeNode>>,std::allocator<std::pair<int,std::shared_ptr<bintree<char>::TreeNode>>>>>::push(std::pair<int,std::shared_ptr<bintree<char>::TreeNode>> &&)'
C:\Program Files\Microsoft Visual Studio\2022\Community\VC\Tools\MSVC\14.33.31629\include\queue(99,10): message : o       'void std::queue<std::pair<int,std::shared_ptr<bintree<char>::TreeNode>>,std::deque<std::pair<int,std::shared_ptr<bintree<char>::TreeNode>>,std::allocator<std::pair<int,std::shared_ptr<bintree<char>::TreeNode>>>>>::push(const std::pair<int,std::shared_ptr<bintree<char>::TreeNode>> &)'
C:\Users\jorge\source\repos\ED\ED36\bintree_eda.h(245,25): message : 'void std::queue<std::pair<int,std::shared_ptr<bintree<char>::TreeNode>>,std::deque<std::pair<int,std::shared_ptr<bintree<char>::TreeNode>>,std::allocator<std::pair<int,std::shared_ptr<bintree<char>::TreeNode>>>>>::push(const std::pair<int,std::shared_ptr<bintree<char>::TreeNode>> &)': el argumento 1 no puede convertirse de 'initializer list' a 'const std::pair<int,std::shared_ptr<bintree<char>::TreeNode>> &'
C:\Users\jorge\source\repos\ED\ED36\bintree_eda.h(245,60): message : Razón: no se puede realizar la conversión de 'initializer list' a 'const std::pair<int,std::shared_ptr<bintree<char>::TreeNode>>'
C:\Users\jorge\source\repos\ED\ED36\bintree_eda.h(245,60): message : Ningún constructor ha podido aceptar el tipo de origen o bien la resolución de sobrecarga del constructor era ambigua
C:\Program Files\Microsoft Visual Studio\2022\Community\VC\Tools\MSVC\14.33.31629\include\queue(99,10): message : vea la declaración de 'std::queue<std::pair<int,std::shared_ptr<bintree<char>::TreeNode>>,std::deque<std::pair<int,std::shared_ptr<bintree<char>::TreeNode>>,std::allocator<std::pair<int,std::shared_ptr<bintree<char>::TreeNode>>>>>::push'
C:\Users\jorge\source\repos\ED\ED36\bintree_eda.h(245,60): message : al hacer coincidir la lista de argumentos '(initializer list)'
